Arguments: 
  D:\soft\nodejs\node.exe C:\Users\shangyl.fnstxz\AppData\Roaming\npm\node_modules\yarn\bin\yarn.js add inquier

PATH: 
  C:\Windows\system32;C:\Windows;C:\Windows\System32\Wbem;C:\Windows\System32\WindowsPowerShell\v1.0\;C:\Windows\System32\OpenSSH\;C:\Program Files\TortoiseSVN\bin;D:\soft\nodejs\;D:\soft\Microsoft VS Code\bin;D:\soft\Python27;D:\soft\openjdk-10.0.1\bin;D:\soft\Git\cmd;D:\soft\tortoiseGit\bin;D:\soft\apache-tomcat-9.0.10\bin;C:\Program Files\Microsoft SQL Server\130\Tools\Binn\;C:\Program Files\dotnet\;D:\soft\Anaconda3;D:\soft\Anaconda3\Scripts;D:\soft\Anaconda3\Library\bin;C:\Users\shangyl.fnstxz\AppData\Local\Microsoft\WindowsApps;C:\Users\shangyl.fnstxz\AppData\Roaming\npm;D:\soft\Fiddler;D:\soft\PyCharm Community Edition 2019.3.4\bin;D:\soft\IntelliJ IDEA Community Edition 2019.3\bin

Yarn version: 
  1.22.4

Node version: 
  12.1.0

Platform: 
  win32 x64

Trace: 
  Error: https://registry.npm.taobao.org/inquier: Not found
      at Request.params.callback [as _callback] (C:\Users\shangyl.fnstxz\AppData\Roaming\npm\node_modules\yarn\lib\cli.js:66987:18)
      at Request.self.callback (C:\Users\shangyl.fnstxz\AppData\Roaming\npm\node_modules\yarn\lib\cli.js:140748:22)
      at Request.emit (events.js:196:13)
      at Request.<anonymous> (C:\Users\shangyl.fnstxz\AppData\Roaming\npm\node_modules\yarn\lib\cli.js:141720:10)
      at Request.emit (events.js:196:13)
      at IncomingMessage.<anonymous> (C:\Users\shangyl.fnstxz\AppData\Roaming\npm\node_modules\yarn\lib\cli.js:141642:12)
      at Object.onceWrapper (events.js:284:20)
      at IncomingMessage.emit (events.js:201:15)
      at endReadableNT (_stream_readable.js:1130:12)
      at processTicksAndRejections (internal/process/task_queues.js:84:17)

npm manifest: 
  {
    "name": "create-syl-vue",
    "version": "1.0.0",
    "description": "syl-vue-cli",
    "main": "index.js",
    "scripts": {
      "test": "echo \"Error: no test specified\" && exit 1"
    },
    "repository": {
      "type": "git",
      "url": "git+https://github.com/coder-syl/create-syl-cli.git"
    },
    "keywords": [
      "cli"
    ],
    "author": "syl",
    "license": "MIT",
    "bugs": {
      "url": "https://github.com/coder-syl/create-syl-cli/issues"
    },
    "homepage": "https://github.com/coder-syl/create-syl-cli#readme",
    "devDependencies": {
      "@babel/preset-env": "7",
      "commander": "^5.1.0"
    },
    "dependencies": {
      "@babel/core": "^7.0.0",
      "babel-loader": "7",
      "inquirer": "^7.1.0"
    }
  }

yarn manifest: 
  No manifest

Lockfile: 
  # THIS IS AN AUTOGENERATED FILE. DO NOT EDIT THIS FILE DIRECTLY.
  # yarn lockfile v1
  
  
  "@babel/code-frame@^7.0.0", "@babel/code-frame@^7.8.3":
    version "7.8.3"
    resolved "https://registry.npm.taobao.org/@babel/code-frame/download/@babel/code-frame-7.8.3.tgz#33e25903d7481181534e12ec0a25f16b6fcf419e"
    integrity sha1-M+JZA9dIEYFTThLsCiXxa2/PQZ4=
    dependencies:
      "@babel/highlight" "^7.8.3"
  
  "@babel/compat-data@^7.9.6":
    version "7.9.6"
    resolved "https://registry.npm.taobao.org/@babel/compat-data/download/@babel/compat-data-7.9.6.tgz?cache=0&sync_timestamp=1588185911086&other_urls=https%3A%2F%2Fregistry.npm.taobao.org%2F%40babel%2Fcompat-data%2Fdownload%2F%40babel%2Fcompat-data-7.9.6.tgz#3f604c40e420131affe6f2c8052e9a275ae2049b"
    integrity sha1-P2BMQOQgExr/5vLIBS6aJ1riBJs=
    dependencies:
      browserslist "^4.11.1"
      invariant "^2.2.4"
      semver "^5.5.0"
  
  "@babel/core@^7.0.0":
    version "7.0.0"
    resolved "https://registry.npm.taobao.org/@babel/core/download/@babel/core-7.0.0.tgz#0cb0c0fd2e78a0a2bec97698f549ae9ce0b99515"
    integrity sha1-DLDA/S54oKK+yXaY9UmunOC5lRU=
    dependencies:
      "@babel/code-frame" "^7.0.0"
      "@babel/generator" "^7.0.0"
      "@babel/helpers" "^7.0.0"
      "@babel/parser" "^7.0.0"
      "@babel/template" "^7.0.0"
      "@babel/traverse" "^7.0.0"
      "@babel/types" "^7.0.0"
      convert-source-map "^1.1.0"
      debug "^3.1.0"
      json5 "^0.5.0"
      lodash "^4.17.10"
      resolve "^1.3.2"
      semver "^5.4.1"
      source-map "^0.5.0"
  
  "@babel/generator@^7.0.0", "@babel/generator@^7.9.6":
    version "7.9.6"
    resolved "https://registry.npm.taobao.org/@babel/generator/download/@babel/generator-7.9.6.tgz?cache=0&sync_timestamp=1588187312464&other_urls=https%3A%2F%2Fregistry.npm.taobao.org%2F%40babel%2Fgenerator%2Fdownload%2F%40babel%2Fgenerator-7.9.6.tgz#5408c82ac5de98cda0d77d8124e99fa1f2170a43"
    integrity sha1-VAjIKsXemM2g132BJOmfofIXCkM=
    dependencies:
      "@babel/types" "^7.9.6"
      jsesc "^2.5.1"
      lodash "^4.17.13"
      source-map "^0.5.0"
  
  "@babel/helper-annotate-as-pure@^7.8.3":
    version "7.8.3"
    resolved "https://registry.npm.taobao.org/@babel/helper-annotate-as-pure/download/@babel/helper-annotate-as-pure-7.8.3.tgz#60bc0bc657f63a0924ff9a4b4a0b24a13cf4deee"
    integrity sha1-YLwLxlf2Ogkk/5pLSgskoTz03u4=
    dependencies:
      "@babel/types" "^7.8.3"
  
  "@babel/helper-builder-binary-assignment-operator-visitor@^7.8.3":
    version "7.8.3"
    resolved "https://registry.npm.taobao.org/@babel/helper-builder-binary-assignment-operator-visitor/download/@babel/helper-builder-binary-assignment-operator-visitor-7.8.3.tgz?cache=0&other_urls=https%3A%2F%2Fregistry.npm.taobao.org%2F%40babel%2Fhelper-builder-binary-assignment-operator-visitor%2Fdownload%2F%40babel%2Fhelper-builder-binary-assignment-operator-visitor-7.8.3.tgz#c84097a427a061ac56a1c30ebf54b7b22d241503"
    integrity sha1-yECXpCegYaxWocMOv1S3si0kFQM=
    dependencies:
      "@babel/helper-explode-assignable-expression" "^7.8.3"
      "@babel/types" "^7.8.3"
  
  "@babel/helper-compilation-targets@^7.9.6":
    version "7.9.6"
    resolved "https://registry.npm.taobao.org/@babel/helper-compilation-targets/download/@babel/helper-compilation-targets-7.9.6.tgz?cache=0&sync_timestamp=1588185905418&other_urls=https%3A%2F%2Fregistry.npm.taobao.org%2F%40babel%2Fhelper-compilation-targets%2Fdownload%2F%40babel%2Fhelper-compilation-targets-7.9.6.tgz#1e05b7ccc9d38d2f8b40b458b380a04dcfadd38a"
    integrity sha1-HgW3zMnTjS+LQLRYs4CgTc+t04o=
    dependencies:
      "@babel/compat-data" "^7.9.6"
      browserslist "^4.11.1"
      invariant "^2.2.4"
      levenary "^1.1.1"
      semver "^5.5.0"
  
  "@babel/helper-create-regexp-features-plugin@^7.8.3", "@babel/helper-create-regexp-features-plugin@^7.8.8":
    version "7.8.8"
    resolved "https://registry.npm.taobao.org/@babel/helper-create-regexp-features-plugin/download/@babel/helper-create-regexp-features-plugin-7.8.8.tgz#5d84180b588f560b7864efaeea89243e58312087"
    integrity sha1-XYQYC1iPVgt4ZO+u6okkPlgxIIc=
    dependencies:
      "@babel/helper-annotate-as-pure" "^7.8.3"
      "@babel/helper-regex" "^7.8.3"
      regexpu-core "^4.7.0"
  
  "@babel/helper-define-map@^7.8.3":
    version "7.8.3"
    resolved "https://registry.npm.taobao.org/@babel/helper-define-map/download/@babel/helper-define-map-7.8.3.tgz#a0655cad5451c3760b726eba875f1cd8faa02c15"
    integrity sha1-oGVcrVRRw3YLcm66h18c2PqgLBU=
    dependencies:
      "@babel/helper-function-name" "^7.8.3"
      "@babel/types" "^7.8.3"
      lodash "^4.17.13"
  
  "@babel/helper-explode-assignable-expression@^7.8.3":
    version "7.8.3"
    resolved "https://registry.npm.taobao.org/@babel/helper-explode-assignable-expression/download/@babel/helper-explode-assignable-expression-7.8.3.tgz#a728dc5b4e89e30fc2dfc7d04fa28a930653f982"
    integrity sha1-pyjcW06J4w/C38fQT6KKkwZT+YI=
    dependencies:
      "@babel/traverse" "^7.8.3"
      "@babel/types" "^7.8.3"
  
  "@babel/helper-function-name@^7.8.3", "@babel/helper-function-name@^7.9.5":
    version "7.9.5"
    resolved "https://registry.npm.taobao.org/@babel/helper-function-name/download/@babel/helper-function-name-7.9.5.tgz#2b53820d35275120e1874a82e5aabe1376920a5c"
    integrity sha1-K1OCDTUnUSDhh0qC5aq+E3aSClw=
    dependencies:
      "@babel/helper-get-function-arity" "^7.8.3"
      "@babel/template" "^7.8.3"
      "@babel/types" "^7.9.5"
  
  "@babel/helper-get-function-arity@^7.8.3":
    version "7.8.3"
    resolved "https://registry.npm.taobao.org/@babel/helper-get-function-arity/download/@babel/helper-get-function-arity-7.8.3.tgz#b894b947bd004381ce63ea1db9f08547e920abd5"
    integrity sha1-uJS5R70AQ4HOY+odufCFR+kgq9U=
    dependencies:
      "@babel/types" "^7.8.3"
  
  "@babel/helper-hoist-variables@^7.8.3":
    version "7.8.3"
    resolved "https://registry.npm.taobao.org/@babel/helper-hoist-variables/download/@babel/helper-hoist-variables-7.8.3.tgz#1dbe9b6b55d78c9b4183fc8cdc6e30ceb83b7134"
    integrity sha1-Hb6ba1XXjJtBg/yM3G4wzrg7cTQ=
    dependencies:
      "@babel/types" "^7.8.3"
  
  "@babel/helper-member-expression-to-functions@^7.8.3":
    version "7.8.3"
    resolved "https://registry.npm.taobao.org/@babel/helper-member-expression-to-functions/download/@babel/helper-member-expression-to-functions-7.8.3.tgz#659b710498ea6c1d9907e0c73f206eee7dadc24c"
    integrity sha1-ZZtxBJjqbB2ZB+DHPyBu7n2twkw=
    dependencies:
      "@babel/types" "^7.8.3"
  
  "@babel/helper-module-imports@^7.8.3":
    version "7.8.3"
    resolved "https://registry.npm.taobao.org/@babel/helper-module-imports/download/@babel/helper-module-imports-7.8.3.tgz#7fe39589b39c016331b6b8c3f441e8f0b1419498"
    integrity sha1-f+OVibOcAWMxtrjD9EHo8LFBlJg=
    dependencies:
      "@babel/types" "^7.8.3"
  
  "@babel/helper-module-transforms@^7.9.0":
    version "7.9.0"
    resolved "https://registry.npm.taobao.org/@babel/helper-module-transforms/download/@babel/helper-module-transforms-7.9.0.tgz#43b34dfe15961918707d247327431388e9fe96e5"
    integrity sha1-Q7NN/hWWGRhwfSRzJ0MTiOn+luU=
    dependencies:
      "@babel/helper-module-imports" "^7.8.3"
      "@babel/helper-replace-supers" "^7.8.6"
      "@babel/helper-simple-access" "^7.8.3"
      "@babel/helper-split-export-declaration" "^7.8.3"
      "@babel/template" "^7.8.6"
      "@babel/types" "^7.9.0"
      lodash "^4.17.13"
  
  "@babel/helper-optimise-call-expression@^7.8.3":
    version "7.8.3"
    resolved "https://registry.npm.taobao.org/@babel/helper-optimise-call-expression/download/@babel/helper-optimise-call-expression-7.8.3.tgz#7ed071813d09c75298ef4f208956006b6111ecb9"
    integrity sha1-ftBxgT0Jx1KY708giVYAa2ER7Lk=
    dependencies:
      "@babel/types" "^7.8.3"
  
  "@babel/helper-plugin-utils@^7.0.0", "@babel/helper-plugin-utils@^7.8.0", "@babel/helper-plugin-utils@^7.8.3":
    version "7.8.3"
    resolved "https://registry.npm.taobao.org/@babel/helper-plugin-utils/download/@babel/helper-plugin-utils-7.8.3.tgz#9ea293be19babc0f52ff8ca88b34c3611b208670"
    integrity sha1-nqKTvhm6vA9S/4yoizTDYRsghnA=
  
  "@babel/helper-regex@^7.8.3":
    version "7.8.3"
    resolved "https://registry.npm.taobao.org/@babel/helper-regex/download/@babel/helper-regex-7.8.3.tgz?cache=0&sync_timestamp=1578951938163&other_urls=https%3A%2F%2Fregistry.npm.taobao.org%2F%40babel%2Fhelper-regex%2Fdownload%2F%40babel%2Fhelper-regex-7.8.3.tgz#139772607d51b93f23effe72105b319d2a4c6965"
    integrity sha1-E5dyYH1RuT8j7/5yEFsxnSpMaWU=
    dependencies:
      lodash "^4.17.13"
  
  "@babel/helper-remap-async-to-generator@^7.8.3":
    version "7.8.3"
    resolved "https://registry.npm.taobao.org/@babel/helper-remap-async-to-generator/download/@babel/helper-remap-async-to-generator-7.8.3.tgz#273c600d8b9bf5006142c1e35887d555c12edd86"
    integrity sha1-JzxgDYub9QBhQsHjWIfVVcEu3YY=
    dependencies:
      "@babel/helper-annotate-as-pure" "^7.8.3"
      "@babel/helper-wrap-function" "^7.8.3"
      "@babel/template" "^7.8.3"
      "@babel/traverse" "^7.8.3"
      "@babel/types" "^7.8.3"
  
  "@babel/helper-replace-supers@^7.8.3", "@babel/helper-replace-supers@^7.8.6":
    version "7.9.6"
    resolved "https://registry.npm.taobao.org/@babel/helper-replace-supers/download/@babel/helper-replace-supers-7.9.6.tgz#03149d7e6a5586ab6764996cd31d6981a17e1444"
    integrity sha1-AxSdfmpVhqtnZJls0x1pgaF+FEQ=
    dependencies:
      "@babel/helper-member-expression-to-functions" "^7.8.3"
      "@babel/helper-optimise-call-expression" "^7.8.3"
      "@babel/traverse" "^7.9.6"
      "@babel/types" "^7.9.6"
  
  "@babel/helper-simple-access@^7.8.3":
    version "7.8.3"
    resolved "https://registry.npm.taobao.org/@babel/helper-simple-access/download/@babel/helper-simple-access-7.8.3.tgz#7f8109928b4dab4654076986af575231deb639ae"
    integrity sha1-f4EJkotNq0ZUB2mGr1dSMd62Oa4=
    dependencies:
      "@babel/template" "^7.8.3"
      "@babel/types" "^7.8.3"
  
  "@babel/helper-split-export-declaration@^7.8.3":
    version "7.8.3"
    resolved "https://registry.npm.taobao.org/@babel/helper-split-export-declaration/download/@babel/helper-split-export-declaration-7.8.3.tgz#31a9f30070f91368a7182cf05f831781065fc7a9"
    integrity sha1-ManzAHD5E2inGCzwX4MXgQZfx6k=
    dependencies:
      "@babel/types" "^7.8.3"
  
  "@babel/helper-validator-identifier@^7.9.0", "@babel/helper-validator-identifier@^7.9.5":
    version "7.9.5"
    resolved "https://registry.npm.taobao.org/@babel/helper-validator-identifier/download/@babel/helper-validator-identifier-7.9.5.tgz#90977a8e6fbf6b431a7dc31752eee233bf052d80"
    integrity sha1-kJd6jm+/a0MafcMXUu7iM78FLYA=
  
  "@babel/helper-wrap-function@^7.8.3":
    version "7.8.3"
    resolved "https://registry.npm.taobao.org/@babel/helper-wrap-function/download/@babel/helper-wrap-function-7.8.3.tgz#9dbdb2bb55ef14aaa01fe8c99b629bd5352d8610"
    integrity sha1-nb2yu1XvFKqgH+jJm2Kb1TUthhA=
    dependencies:
      "@babel/helper-function-name" "^7.8.3"
      "@babel/template" "^7.8.3"
      "@babel/traverse" "^7.8.3"
      "@babel/types" "^7.8.3"
  
  "@babel/helpers@^7.0.0":
    version "7.9.6"
    resolved "https://registry.npm.taobao.org/@babel/helpers/download/@babel/helpers-7.9.6.tgz#092c774743471d0bb6c7de3ad465ab3d3486d580"
    integrity sha1-CSx3R0NHHQu2x9461GWrPTSG1YA=
    dependencies:
      "@babel/template" "^7.8.3"
      "@babel/traverse" "^7.9.6"
      "@babel/types" "^7.9.6"
  
  "@babel/highlight@^7.8.3":
    version "7.9.0"
    resolved "https://registry.npm.taobao.org/@babel/highlight/download/@babel/highlight-7.9.0.tgz#4e9b45ccb82b79607271b2979ad82c7b68163079"
    integrity sha1-TptFzLgreWBycbKXmtgse2gWMHk=
    dependencies:
      "@babel/helper-validator-identifier" "^7.9.0"
      chalk "^2.0.0"
      js-tokens "^4.0.0"
  
  "@babel/parser@^7.0.0", "@babel/parser@^7.8.6", "@babel/parser@^7.9.6":
    version "7.9.6"
    resolved "https://registry.npm.taobao.org/@babel/parser/download/@babel/parser-7.9.6.tgz#3b1bbb30dabe600cd72db58720998376ff653bc7"
    integrity sha1-Oxu7MNq+YAzXLbWHIJmDdv9lO8c=
  
  "@babel/plugin-proposal-async-generator-functions@^7.8.3":
    version "7.8.3"
    resolved "https://registry.npm.taobao.org/@babel/plugin-proposal-async-generator-functions/download/@babel/plugin-proposal-async-generator-functions-7.8.3.tgz?cache=0&other_urls=https%3A%2F%2Fregistry.npm.taobao.org%2F%40babel%2Fplugin-proposal-async-generator-functions%2Fdownload%2F%40babel%2Fplugin-proposal-async-generator-functions-7.8.3.tgz#bad329c670b382589721b27540c7d288601c6e6f"
    integrity sha1-utMpxnCzgliXIbJ1QMfSiGAcbm8=
    dependencies:
      "@babel/helper-plugin-utils" "^7.8.3"
      "@babel/helper-remap-async-to-generator" "^7.8.3"
      "@babel/plugin-syntax-async-generators" "^7.8.0"
  
  "@babel/plugin-proposal-dynamic-import@^7.8.3":
    version "7.8.3"
    resolved "https://registry.npm.taobao.org/@babel/plugin-proposal-dynamic-import/download/@babel/plugin-proposal-dynamic-import-7.8.3.tgz#38c4fe555744826e97e2ae930b0fb4cc07e66054"
    integrity sha1-OMT+VVdEgm6X4q6TCw+0zAfmYFQ=
    dependencies:
      "@babel/helper-plugin-utils" "^7.8.3"
      "@babel/plugin-syntax-dynamic-import" "^7.8.0"
  
  "@babel/plugin-proposal-json-strings@^7.8.3":
    version "7.8.3"
    resolved "https://registry.npm.taobao.org/@babel/plugin-proposal-json-strings/download/@babel/plugin-proposal-json-strings-7.8.3.tgz#da5216b238a98b58a1e05d6852104b10f9a70d6b"
    integrity sha1-2lIWsjipi1ih4F1oUhBLEPmnDWs=
    dependencies:
      "@babel/helper-plugin-utils" "^7.8.3"
      "@babel/plugin-syntax-json-strings" "^7.8.0"
  
  "@babel/plugin-proposal-nullish-coalescing-operator@^7.8.3":
    version "7.8.3"
    resolved "https://registry.npm.taobao.org/@babel/plugin-proposal-nullish-coalescing-operator/download/@babel/plugin-proposal-nullish-coalescing-operator-7.8.3.tgz?cache=0&sync_timestamp=1578952594995&other_urls=https%3A%2F%2Fregistry.npm.taobao.org%2F%40babel%2Fplugin-proposal-nullish-coalescing-operator%2Fdownload%2F%40babel%2Fplugin-proposal-nullish-coalescing-operator-7.8.3.tgz#e4572253fdeed65cddeecfdab3f928afeb2fd5d2"
    integrity sha1-5FciU/3u1lzd7s/as/kor+sv1dI=
    dependencies:
      "@babel/helper-plugin-utils" "^7.8.3"
      "@babel/plugin-syntax-nullish-coalescing-operator" "^7.8.0"
  
  "@babel/plugin-proposal-numeric-separator@^7.8.3":
    version "7.8.3"
    resolved "https://registry.npm.taobao.org/@babel/plugin-proposal-numeric-separator/download/@babel/plugin-proposal-numeric-separator-7.8.3.tgz#5d6769409699ec9b3b68684cd8116cedff93bad8"
    integrity sha1-XWdpQJaZ7Js7aGhM2BFs7f+Tutg=
    dependencies:
      "@babel/helper-plugin-utils" "^7.8.3"
      "@babel/plugin-syntax-numeric-separator" "^7.8.3"
  
  "@babel/plugin-proposal-object-rest-spread@^7.9.6":
    version "7.9.6"
    resolved "https://registry.npm.taobao.org/@babel/plugin-proposal-object-rest-spread/download/@babel/plugin-proposal-object-rest-spread-7.9.6.tgz?cache=0&sync_timestamp=1588185906386&other_urls=https%3A%2F%2Fregistry.npm.taobao.org%2F%40babel%2Fplugin-proposal-object-rest-spread%2Fdownload%2F%40babel%2Fplugin-proposal-object-rest-spread-7.9.6.tgz#7a093586fcb18b08266eb1a7177da671ac575b63"
    integrity sha1-egk1hvyxiwgmbrGnF32mcaxXW2M=
    dependencies:
      "@babel/helper-plugin-utils" "^7.8.3"
      "@babel/plugin-syntax-object-rest-spread" "^7.8.0"
      "@babel/plugin-transform-parameters" "^7.9.5"
  
  "@babel/plugin-proposal-optional-catch-binding@^7.8.3":
    version "7.8.3"
    resolved "https://registry.npm.taobao.org/@babel/plugin-proposal-optional-catch-binding/download/@babel/plugin-proposal-optional-catch-binding-7.8.3.tgz?cache=0&other_urls=https%3A%2F%2Fregistry.npm.taobao.org%2F%40babel%2Fplugin-proposal-optional-catch-binding%2Fdownload%2F%40babel%2Fplugin-proposal-optional-catch-binding-7.8.3.tgz#9dee96ab1650eed88646ae9734ca167ac4a9c5c9"
    integrity sha1-ne6WqxZQ7tiGRq6XNMoWesSpxck=
    dependencies:
      "@babel/helper-plugin-utils" "^7.8.3"
      "@babel/plugin-syntax-optional-catch-binding" "^7.8.0"
  
  "@babel/plugin-proposal-optional-chaining@^7.9.0":
    version "7.9.0"
    resolved "https://registry.npm.taobao.org/@babel/plugin-proposal-optional-chaining/download/@babel/plugin-proposal-optional-chaining-7.9.0.tgz#31db16b154c39d6b8a645292472b98394c292a58"
    integrity sha1-MdsWsVTDnWuKZFKSRyuYOUwpKlg=
    dependencies:
      "@babel/helper-plugin-utils" "^7.8.3"
      "@babel/plugin-syntax-optional-chaining" "^7.8.0"
  
  "@babel/plugin-proposal-unicode-property-regex@^7.4.4", "@babel/plugin-proposal-unicode-property-regex@^7.8.3":
    version "7.8.8"
    resolved "https://registry.npm.taobao.org/@babel/plugin-proposal-unicode-property-regex/download/@babel/plugin-proposal-unicode-property-regex-7.8.8.tgz?cache=0&sync_timestamp=1584039006999&other_urls=https%3A%2F%2Fregistry.npm.taobao.org%2F%40babel%2Fplugin-proposal-unicode-property-regex%2Fdownload%2F%40babel%2Fplugin-proposal-unicode-property-regex-7.8.8.tgz#ee3a95e90cdc04fe8cd92ec3279fa017d68a0d1d"
    integrity sha1-7jqV6QzcBP6M2S7DJ5+gF9aKDR0=
    dependencies:
      "@babel/helper-create-regexp-features-plugin" "^7.8.8"
      "@babel/helper-plugin-utils" "^7.8.3"
  
  "@babel/plugin-syntax-async-generators@^7.8.0":
    version "7.8.4"
    resolved "https://registry.npm.taobao.org/@babel/plugin-syntax-async-generators/download/@babel/plugin-syntax-async-generators-7.8.4.tgz#a983fb1aeb2ec3f6ed042a210f640e90e786fe0d"
    integrity sha1-qYP7Gusuw/btBCohD2QOkOeG/g0=
    dependencies:
      "@babel/helper-plugin-utils" "^7.8.0"
  
  "@babel/plugin-syntax-dynamic-import@^7.8.0":
    version "7.8.3"
    resolved "https://registry.npm.taobao.org/@babel/plugin-syntax-dynamic-import/download/@babel/plugin-syntax-dynamic-import-7.8.3.tgz#62bf98b2da3cd21d626154fc96ee5b3cb68eacb3"
    integrity sha1-Yr+Ysto80h1iYVT8lu5bPLaOrLM=
    dependencies:
      "@babel/helper-plugin-utils" "^7.8.0"
  
  "@babel/plugin-syntax-json-strings@^7.8.0":
    version "7.8.3"
    resolved "https://registry.npm.taobao.org/@babel/plugin-syntax-json-strings/download/@babel/plugin-syntax-json-strings-7.8.3.tgz#01ca21b668cd8218c9e640cb6dd88c5412b2c96a"
    integrity sha1-AcohtmjNghjJ5kDLbdiMVBKyyWo=
    dependencies:
      "@babel/helper-plugin-utils" "^7.8.0"
  
  "@babel/plugin-syntax-nullish-coalescing-operator@^7.8.0":
    version "7.8.3"
    resolved "https://registry.npm.taobao.org/@babel/plugin-syntax-nullish-coalescing-operator/download/@babel/plugin-syntax-nullish-coalescing-operator-7.8.3.tgz#167ed70368886081f74b5c36c65a88c03b66d1a9"
    integrity sha1-Fn7XA2iIYIH3S1w2xlqIwDtm0ak=
    dependencies:
      "@babel/helper-plugin-utils" "^7.8.0"
  
  "@babel/plugin-syntax-numeric-separator@^7.8.0", "@babel/plugin-syntax-numeric-separator@^7.8.3":
    version "7.8.3"
    resolved "https://registry.npm.taobao.org/@babel/plugin-syntax-numeric-separator/download/@babel/plugin-syntax-numeric-separator-7.8.3.tgz#0e3fb63e09bea1b11e96467271c8308007e7c41f"
    integrity sha1-Dj+2Pgm+obEelkZyccgwgAfnxB8=
    dependencies:
      "@babel/helper-plugin-utils" "^7.8.3"
  
  "@babel/plugin-syntax-object-rest-spread@^7.8.0":
    version "7.8.3"
    resolved "https://registry.npm.taobao.org/@babel/plugin-syntax-object-rest-spread/download/@babel/plugin-syntax-object-rest-spread-7.8.3.tgz#60e225edcbd98a640332a2e72dd3e66f1af55871"
    integrity sha1-YOIl7cvZimQDMqLnLdPmbxr1WHE=
    dependencies:
      "@babel/helper-plugin-utils" "^7.8.0"
  
  "@babel/plugin-syntax-optional-catch-binding@^7.8.0":
    version "7.8.3"
    resolved "https://registry.npm.taobao.org/@babel/plugin-syntax-optional-catch-binding/download/@babel/plugin-syntax-optional-catch-binding-7.8.3.tgz#6111a265bcfb020eb9efd0fdfd7d26402b9ed6c1"
    integrity sha1-YRGiZbz7Ag6579D9/X0mQCue1sE=
    dependencies:
      "@babel/helper-plugin-utils" "^7.8.0"
  
  "@babel/plugin-syntax-optional-chaining@^7.8.0":
    version "7.8.3"
    resolved "https://registry.npm.taobao.org/@babel/plugin-syntax-optional-chaining/download/@babel/plugin-syntax-optional-chaining-7.8.3.tgz?cache=0&sync_timestamp=1578952519472&other_urls=https%3A%2F%2Fregistry.npm.taobao.org%2F%40babel%2Fplugin-syntax-optional-chaining%2Fdownload%2F%40babel%2Fplugin-syntax-optional-chaining-7.8.3.tgz#4f69c2ab95167e0180cd5336613f8c5788f7d48a"
    integrity sha1-T2nCq5UWfgGAzVM2YT+MV4j31Io=
    dependencies:
      "@babel/helper-plugin-utils" "^7.8.0"
  
  "@babel/plugin-syntax-top-level-await@^7.8.3":
    version "7.8.3"
    resolved "https://registry.npm.taobao.org/@babel/plugin-syntax-top-level-await/download/@babel/plugin-syntax-top-level-await-7.8.3.tgz?cache=0&sync_timestamp=1578952595485&other_urls=https%3A%2F%2Fregistry.npm.taobao.org%2F%40babel%2Fplugin-syntax-top-level-await%2Fdownload%2F%40babel%2Fplugin-syntax-top-level-await-7.8.3.tgz#3acdece695e6b13aaf57fc291d1a800950c71391"
    integrity sha1-Os3s5pXmsTqvV/wpHRqACVDHE5E=
    dependencies:
      "@babel/helper-plugin-utils" "^7.8.3"
  
  "@babel/plugin-transform-arrow-functions@^7.8.3":
    version "7.8.3"
    resolved "https://registry.npm.taobao.org/@babel/plugin-transform-arrow-functions/download/@babel/plugin-transform-arrow-functions-7.8.3.tgz#82776c2ed0cd9e1a49956daeb896024c9473b8b6"
    integrity sha1-gndsLtDNnhpJlW2uuJYCTJRzuLY=
    dependencies:
      "@babel/helper-plugin-utils" "^7.8.3"
  
  "@babel/plugin-transform-async-to-generator@^7.8.3":
    version "7.8.3"
    resolved "https://registry.npm.taobao.org/@babel/plugin-transform-async-to-generator/download/@babel/plugin-transform-async-to-generator-7.8.3.tgz#4308fad0d9409d71eafb9b1a6ee35f9d64b64086"
    integrity sha1-Qwj60NlAnXHq+5sabuNfnWS2QIY=
    dependencies:
      "@babel/helper-module-imports" "^7.8.3"
      "@babel/helper-plugin-utils" "^7.8.3"
      "@babel/helper-remap-async-to-generator" "^7.8.3"
  
  "@babel/plugin-transform-block-scoped-functions@^7.8.3":
    version "7.8.3"
    resolved "https://registry.npm.taobao.org/@babel/plugin-transform-block-scoped-functions/download/@babel/plugin-transform-block-scoped-functions-7.8.3.tgz?cache=0&sync_timestamp=1578951934748&other_urls=https%3A%2F%2Fregistry.npm.taobao.org%2F%40babel%2Fplugin-transform-block-scoped-functions%2Fdownload%2F%40babel%2Fplugin-transform-block-scoped-functions-7.8.3.tgz#437eec5b799b5852072084b3ae5ef66e8349e8a3"
    integrity sha1-Q37sW3mbWFIHIISzrl72boNJ6KM=
    dependencies:
      "@babel/helper-plugin-utils" "^7.8.3"
  
  "@babel/plugin-transform-block-scoping@^7.8.3":
    version "7.8.3"
    resolved "https://registry.npm.taobao.org/@babel/plugin-transform-block-scoping/download/@babel/plugin-transform-block-scoping-7.8.3.tgz#97d35dab66857a437c166358b91d09050c868f3a"
    integrity sha1-l9Ndq2aFekN8FmNYuR0JBQyGjzo=
    dependencies:
      "@babel/helper-plugin-utils" "^7.8.3"
      lodash "^4.17.13"
  
  "@babel/plugin-transform-classes@^7.9.5":
    version "7.9.5"
    resolved "https://registry.npm.taobao.org/@babel/plugin-transform-classes/download/@babel/plugin-transform-classes-7.9.5.tgz?cache=0&other_urls=https%3A%2F%2Fregistry.npm.taobao.org%2F%40babel%2Fplugin-transform-classes%2Fdownload%2F%40babel%2Fplugin-transform-classes-7.9.5.tgz#800597ddb8aefc2c293ed27459c1fcc935a26c2c"
    integrity sha1-gAWX3biu/CwpPtJ0WcH8yTWibCw=
    dependencies:
      "@babel/helper-annotate-as-pure" "^7.8.3"
      "@babel/helper-define-map" "^7.8.3"
      "@babel/helper-function-name" "^7.9.5"
      "@babel/helper-optimise-call-expression" "^7.8.3"
      "@babel/helper-plugin-utils" "^7.8.3"
      "@babel/helper-replace-supers" "^7.8.6"
      "@babel/helper-split-export-declaration" "^7.8.3"
      globals "^11.1.0"
  
  "@babel/plugin-transform-computed-properties@^7.8.3":
    version "7.8.3"
    resolved "https://registry.npm.taobao.org/@babel/plugin-transform-computed-properties/download/@babel/plugin-transform-computed-properties-7.8.3.tgz#96d0d28b7f7ce4eb5b120bb2e0e943343c86f81b"
    integrity sha1-ltDSi3985OtbEguy4OlDNDyG+Bs=
    dependencies:
      "@babel/helper-plugin-utils" "^7.8.3"
  
  "@babel/plugin-transform-destructuring@^7.9.5":
    version "7.9.5"
    resolved "https://registry.npm.taobao.org/@babel/plugin-transform-destructuring/download/@babel/plugin-transform-destructuring-7.9.5.tgz?cache=0&other_urls=https%3A%2F%2Fregistry.npm.taobao.org%2F%40babel%2Fplugin-transform-destructuring%2Fdownload%2F%40babel%2Fplugin-transform-destructuring-7.9.5.tgz#72c97cf5f38604aea3abf3b935b0e17b1db76a50"
    integrity sha1-csl89fOGBK6jq/O5NbDhex23alA=
    dependencies:
      "@babel/helper-plugin-utils" "^7.8.3"
  
  "@babel/plugin-transform-dotall-regex@^7.4.4", "@babel/plugin-transform-dotall-regex@^7.8.3":
    version "7.8.3"
    resolved "https://registry.npm.taobao.org/@babel/plugin-transform-dotall-regex/download/@babel/plugin-transform-dotall-regex-7.8.3.tgz#c3c6ec5ee6125c6993c5cbca20dc8621a9ea7a6e"
    integrity sha1-w8bsXuYSXGmTxcvKINyGIanqem4=
    dependencies:
      "@babel/helper-create-regexp-features-plugin" "^7.8.3"
      "@babel/helper-plugin-utils" "^7.8.3"
  
  "@babel/plugin-transform-duplicate-keys@^7.8.3":
    version "7.8.3"
    resolved "https://registry.npm.taobao.org/@babel/plugin-transform-duplicate-keys/download/@babel/plugin-transform-duplicate-keys-7.8.3.tgz#8d12df309aa537f272899c565ea1768e286e21f1"
    integrity sha1-jRLfMJqlN/JyiZxWXqF2jihuIfE=
    dependencies:
      "@babel/helper-plugin-utils" "^7.8.3"
  
  "@babel/plugin-transform-exponentiation-operator@^7.8.3":
    version "7.8.3"
    resolved "https://registry.npm.taobao.org/@babel/plugin-transform-exponentiation-operator/download/@babel/plugin-transform-exponentiation-operator-7.8.3.tgz#581a6d7f56970e06bf51560cd64f5e947b70d7b7"
    integrity sha1-WBptf1aXDga/UVYM1k9elHtw17c=
    dependencies:
      "@babel/helper-builder-binary-assignment-operator-visitor" "^7.8.3"
      "@babel/helper-plugin-utils" "^7.8.3"
  
  "@babel/plugin-transform-for-of@^7.9.0":
    version "7.9.0"
    resolved "https://registry.npm.taobao.org/@babel/plugin-transform-for-of/download/@babel/plugin-transform-for-of-7.9.0.tgz?cache=0&sync_timestamp=1584718625837&other_urls=https%3A%2F%2Fregistry.npm.taobao.org%2F%40babel%2Fplugin-transform-for-of%2Fdownload%2F%40babel%2Fplugin-transform-for-of-7.9.0.tgz#0f260e27d3e29cd1bb3128da5e76c761aa6c108e"
    integrity sha1-DyYOJ9PinNG7MSjaXnbHYapsEI4=
    dependencies:
      "@babel/helper-plugin-utils" "^7.8.3"
  
  "@babel/plugin-transform-function-name@^7.8.3":
    version "7.8.3"
    resolved "https://registry.npm.taobao.org/@babel/plugin-transform-function-name/download/@babel/plugin-transform-function-name-7.8.3.tgz#279373cb27322aaad67c2683e776dfc47196ed8b"
    integrity sha1-J5NzyycyKqrWfCaD53bfxHGW7Ys=
    dependencies:
      "@babel/helper-function-name" "^7.8.3"
      "@babel/helper-plugin-utils" "^7.8.3"
  
  "@babel/plugin-transform-literals@^7.8.3":
    version "7.8.3"
    resolved "https://registry.npm.taobao.org/@babel/plugin-transform-literals/download/@babel/plugin-transform-literals-7.8.3.tgz#aef239823d91994ec7b68e55193525d76dbd5dc1"
    integrity sha1-rvI5gj2RmU7Hto5VGTUl1229XcE=
    dependencies:
      "@babel/helper-plugin-utils" "^7.8.3"
  
  "@babel/plugin-transform-member-expression-literals@^7.8.3":
    version "7.8.3"
    resolved "https://registry.npm.taobao.org/@babel/plugin-transform-member-expression-literals/download/@babel/plugin-transform-member-expression-literals-7.8.3.tgz#963fed4b620ac7cbf6029c755424029fa3a40410"
    integrity sha1-lj/tS2IKx8v2Apx1VCQCn6OkBBA=
    dependencies:
      "@babel/helper-plugin-utils" "^7.8.3"
  
  "@babel/plugin-transform-modules-amd@^7.9.6":
    version "7.9.6"
    resolved "https://registry.npm.taobao.org/@babel/plugin-transform-modules-amd/download/@babel/plugin-transform-modules-amd-7.9.6.tgz#8539ec42c153d12ea3836e0e3ac30d5aae7b258e"
    integrity sha1-hTnsQsFT0S6jg24OOsMNWq57JY4=
    dependencies:
      "@babel/helper-module-transforms" "^7.9.0"
      "@babel/helper-plugin-utils" "^7.8.3"
      babel-plugin-dynamic-import-node "^2.3.3"
  
  "@babel/plugin-transform-modules-commonjs@^7.9.6":
    version "7.9.6"
    resolved "https://registry.npm.taobao.org/@babel/plugin-transform-modules-commonjs/download/@babel/plugin-transform-modules-commonjs-7.9.6.tgz?cache=0&sync_timestamp=1588185907042&other_urls=https%3A%2F%2Fregistry.npm.taobao.org%2F%40babel%2Fplugin-transform-modules-commonjs%2Fdownload%2F%40babel%2Fplugin-transform-modules-commonjs-7.9.6.tgz#64b7474a4279ee588cacd1906695ca721687c277"
    integrity sha1-ZLdHSkJ57liMrNGQZpXKchaHwnc=
    dependencies:
      "@babel/helper-module-transforms" "^7.9.0"
      "@babel/helper-plugin-utils" "^7.8.3"
      "@babel/helper-simple-access" "^7.8.3"
      babel-plugin-dynamic-import-node "^2.3.3"
  
  "@babel/plugin-transform-modules-systemjs@^7.9.6":
    version "7.9.6"
    resolved "https://registry.npm.taobao.org/@babel/plugin-transform-modules-systemjs/download/@babel/plugin-transform-modules-systemjs-7.9.6.tgz#207f1461c78a231d5337a92140e52422510d81a4"
    integrity sha1-IH8UYceKIx1TN6khQOUkIlENgaQ=
    dependencies:
      "@babel/helper-hoist-variables" "^7.8.3"
      "@babel/helper-module-transforms" "^7.9.0"
      "@babel/helper-plugin-utils" "^7.8.3"
      babel-plugin-dynamic-import-node "^2.3.3"
  
  "@babel/plugin-transform-modules-umd@^7.9.0":
    version "7.9.0"
    resolved "https://registry.npm.taobao.org/@babel/plugin-transform-modules-umd/download/@babel/plugin-transform-modules-umd-7.9.0.tgz?cache=0&sync_timestamp=1584746128785&other_urls=https%3A%2F%2Fregistry.npm.taobao.org%2F%40babel%2Fplugin-transform-modules-umd%2Fdownload%2F%40babel%2Fplugin-transform-modules-umd-7.9.0.tgz#e909acae276fec280f9b821a5f38e1f08b480697"
    integrity sha1-6Qmsridv7CgPm4IaXzjh8ItIBpc=
    dependencies:
      "@babel/helper-module-transforms" "^7.9.0"
      "@babel/helper-plugin-utils" "^7.8.3"
  
  "@babel/plugin-transform-named-capturing-groups-regex@^7.8.3":
    version "7.8.3"
    resolved "https://registry.npm.taobao.org/@babel/plugin-transform-named-capturing-groups-regex/download/@babel/plugin-transform-named-capturing-groups-regex-7.8.3.tgz#a2a72bffa202ac0e2d0506afd0939c5ecbc48c6c"
    integrity sha1-oqcr/6ICrA4tBQav0JOcXsvEjGw=
    dependencies:
      "@babel/helper-create-regexp-features-plugin" "^7.8.3"
  
  "@babel/plugin-transform-new-target@^7.8.3":
    version "7.8.3"
    resolved "https://registry.npm.taobao.org/@babel/plugin-transform-new-target/download/@babel/plugin-transform-new-target-7.8.3.tgz#60cc2ae66d85c95ab540eb34babb6434d4c70c43"
    integrity sha1-YMwq5m2FyVq1QOs0urtkNNTHDEM=
    dependencies:
      "@babel/helper-plugin-utils" "^7.8.3"
  
  "@babel/plugin-transform-object-super@^7.8.3":
    version "7.8.3"
    resolved "https://registry.npm.taobao.org/@babel/plugin-transform-object-super/download/@babel/plugin-transform-object-super-7.8.3.tgz#ebb6a1e7a86ffa96858bd6ac0102d65944261725"
    integrity sha1-67ah56hv+paFi9asAQLWWUQmFyU=
    dependencies:
      "@babel/helper-plugin-utils" "^7.8.3"
      "@babel/helper-replace-supers" "^7.8.3"
  
  "@babel/plugin-transform-parameters@^7.9.5":
    version "7.9.5"
    resolved "https://registry.npm.taobao.org/@babel/plugin-transform-parameters/download/@babel/plugin-transform-parameters-7.9.5.tgz?cache=0&other_urls=https%3A%2F%2Fregistry.npm.taobao.org%2F%40babel%2Fplugin-transform-parameters%2Fdownload%2F%40babel%2Fplugin-transform-parameters-7.9.5.tgz#173b265746f5e15b2afe527eeda65b73623a0795"
    integrity sha1-FzsmV0b14Vsq/lJ+7aZbc2I6B5U=
    dependencies:
      "@babel/helper-get-function-arity" "^7.8.3"
      "@babel/helper-plugin-utils" "^7.8.3"
  
  "@babel/plugin-transform-property-literals@^7.8.3":
    version "7.8.3"
    resolved "https://registry.npm.taobao.org/@babel/plugin-transform-property-literals/download/@babel/plugin-transform-property-literals-7.8.3.tgz#33194300d8539c1ed28c62ad5087ba3807b98263"
    integrity sha1-MxlDANhTnB7SjGKtUIe6OAe5gmM=
    dependencies:
      "@babel/helper-plugin-utils" "^7.8.3"
  
  "@babel/plugin-transform-regenerator@^7.8.7":
    version "7.8.7"
    resolved "https://registry.npm.taobao.org/@babel/plugin-transform-regenerator/download/@babel/plugin-transform-regenerator-7.8.7.tgz#5e46a0dca2bee1ad8285eb0527e6abc9c37672f8"
    integrity sha1-Xkag3KK+4a2ChesFJ+arycN2cvg=
    dependencies:
      regenerator-transform "^0.14.2"
  
  "@babel/plugin-transform-reserved-words@^7.8.3":
    version "7.8.3"
    resolved "https://registry.npm.taobao.org/@babel/plugin-transform-reserved-words/download/@babel/plugin-transform-reserved-words-7.8.3.tgz#9a0635ac4e665d29b162837dd3cc50745dfdf1f5"
    integrity sha1-mgY1rE5mXSmxYoN908xQdF398fU=
    dependencies:
      "@babel/helper-plugin-utils" "^7.8.3"
  
  "@babel/plugin-transform-shorthand-properties@^7.8.3":
    version "7.8.3"
    resolved "https://registry.npm.taobao.org/@babel/plugin-transform-shorthand-properties/download/@babel/plugin-transform-shorthand-properties-7.8.3.tgz#28545216e023a832d4d3a1185ed492bcfeac08c8"
    integrity sha1-KFRSFuAjqDLU06EYXtSSvP6sCMg=
    dependencies:
      "@babel/helper-plugin-utils" "^7.8.3"
  
  "@babel/plugin-transform-spread@^7.8.3":
    version "7.8.3"
    resolved "https://registry.npm.taobao.org/@babel/plugin-transform-spread/download/@babel/plugin-transform-spread-7.8.3.tgz#9c8ffe8170fdfb88b114ecb920b82fb6e95fe5e8"
    integrity sha1-nI/+gXD9+4ixFOy5ILgvtulf5eg=
    dependencies:
      "@babel/helper-plugin-utils" "^7.8.3"
  
  "@babel/plugin-transform-sticky-regex@^7.8.3":
    version "7.8.3"
    resolved "https://registry.npm.taobao.org/@babel/plugin-transform-sticky-regex/download/@babel/plugin-transform-sticky-regex-7.8.3.tgz?cache=0&other_urls=https%3A%2F%2Fregistry.npm.taobao.org%2F%40babel%2Fplugin-transform-sticky-regex%2Fdownload%2F%40babel%2Fplugin-transform-sticky-regex-7.8.3.tgz#be7a1290f81dae767475452199e1f76d6175b100"
    integrity sha1-vnoSkPgdrnZ0dUUhmeH3bWF1sQA=
    dependencies:
      "@babel/helper-plugin-utils" "^7.8.3"
      "@babel/helper-regex" "^7.8.3"
  
  "@babel/plugin-transform-template-literals@^7.8.3":
    version "7.8.3"
    resolved "https://registry.npm.taobao.org/@babel/plugin-transform-template-literals/download/@babel/plugin-transform-template-literals-7.8.3.tgz#7bfa4732b455ea6a43130adc0ba767ec0e402a80"
    integrity sha1-e/pHMrRV6mpDEwrcC6dn7A5AKoA=
    dependencies:
      "@babel/helper-annotate-as-pure" "^7.8.3"
      "@babel/helper-plugin-utils" "^7.8.3"
  
  "@babel/plugin-transform-typeof-symbol@^7.8.4":
    version "7.8.4"
    resolved "https://registry.npm.taobao.org/@babel/plugin-transform-typeof-symbol/download/@babel/plugin-transform-typeof-symbol-7.8.4.tgz#ede4062315ce0aaf8a657a920858f1a2f35fc412"
    integrity sha1-7eQGIxXOCq+KZXqSCFjxovNfxBI=
    dependencies:
      "@babel/helper-plugin-utils" "^7.8.3"
  
  "@babel/plugin-transform-unicode-regex@^7.8.3":
    version "7.8.3"
    resolved "https://registry.npm.taobao.org/@babel/plugin-transform-unicode-regex/download/@babel/plugin-transform-unicode-regex-7.8.3.tgz#0cef36e3ba73e5c57273effb182f46b91a1ecaad"
    integrity sha1-DO8247pz5cVyc+/7GC9GuRoeyq0=
    dependencies:
      "@babel/helper-create-regexp-features-plugin" "^7.8.3"
      "@babel/helper-plugin-utils" "^7.8.3"
  
  "@babel/preset-env@7":
    version "7.9.6"
    resolved "https://registry.npm.taobao.org/@babel/preset-env/download/@babel/preset-env-7.9.6.tgz#df063b276c6455ec6fcfc6e53aacc38da9b0aea6"
    integrity sha1-3wY7J2xkVexvz8blOqzDjamwrqY=
    dependencies:
      "@babel/compat-data" "^7.9.6"
      "@babel/helper-compilation-targets" "^7.9.6"
      "@babel/helper-module-imports" "^7.8.3"
      "@babel/helper-plugin-utils" "^7.8.3"
      "@babel/plugin-proposal-async-generator-functions" "^7.8.3"
      "@babel/plugin-proposal-dynamic-import" "^7.8.3"
      "@babel/plugin-proposal-json-strings" "^7.8.3"
      "@babel/plugin-proposal-nullish-coalescing-operator" "^7.8.3"
      "@babel/plugin-proposal-numeric-separator" "^7.8.3"
      "@babel/plugin-proposal-object-rest-spread" "^7.9.6"
      "@babel/plugin-proposal-optional-catch-binding" "^7.8.3"
      "@babel/plugin-proposal-optional-chaining" "^7.9.0"
      "@babel/plugin-proposal-unicode-property-regex" "^7.8.3"
      "@babel/plugin-syntax-async-generators" "^7.8.0"
      "@babel/plugin-syntax-dynamic-import" "^7.8.0"
      "@babel/plugin-syntax-json-strings" "^7.8.0"
      "@babel/plugin-syntax-nullish-coalescing-operator" "^7.8.0"
      "@babel/plugin-syntax-numeric-separator" "^7.8.0"
      "@babel/plugin-syntax-object-rest-spread" "^7.8.0"
      "@babel/plugin-syntax-optional-catch-binding" "^7.8.0"
      "@babel/plugin-syntax-optional-chaining" "^7.8.0"
      "@babel/plugin-syntax-top-level-await" "^7.8.3"
      "@babel/plugin-transform-arrow-functions" "^7.8.3"
      "@babel/plugin-transform-async-to-generator" "^7.8.3"
      "@babel/plugin-transform-block-scoped-functions" "^7.8.3"
      "@babel/plugin-transform-block-scoping" "^7.8.3"
      "@babel/plugin-transform-classes" "^7.9.5"
      "@babel/plugin-transform-computed-properties" "^7.8.3"
      "@babel/plugin-transform-destructuring" "^7.9.5"
      "@babel/plugin-transform-dotall-regex" "^7.8.3"
      "@babel/plugin-transform-duplicate-keys" "^7.8.3"
      "@babel/plugin-transform-exponentiation-operator" "^7.8.3"
      "@babel/plugin-transform-for-of" "^7.9.0"
      "@babel/plugin-transform-function-name" "^7.8.3"
      "@babel/plugin-transform-literals" "^7.8.3"
      "@babel/plugin-transform-member-expression-literals" "^7.8.3"
      "@babel/plugin-transform-modules-amd" "^7.9.6"
      "@babel/plugin-transform-modules-commonjs" "^7.9.6"
      "@babel/plugin-transform-modules-systemjs" "^7.9.6"
      "@babel/plugin-transform-modules-umd" "^7.9.0"
      "@babel/plugin-transform-named-capturing-groups-regex" "^7.8.3"
      "@babel/plugin-transform-new-target" "^7.8.3"
      "@babel/plugin-transform-object-super" "^7.8.3"
      "@babel/plugin-transform-parameters" "^7.9.5"
      "@babel/plugin-transform-property-literals" "^7.8.3"
      "@babel/plugin-transform-regenerator" "^7.8.7"
      "@babel/plugin-transform-reserved-words" "^7.8.3"
      "@babel/plugin-transform-shorthand-properties" "^7.8.3"
      "@babel/plugin-transform-spread" "^7.8.3"
      "@babel/plugin-transform-sticky-regex" "^7.8.3"
      "@babel/plugin-transform-template-literals" "^7.8.3"
      "@babel/plugin-transform-typeof-symbol" "^7.8.4"
      "@babel/plugin-transform-unicode-regex" "^7.8.3"
      "@babel/preset-modules" "^0.1.3"
      "@babel/types" "^7.9.6"
      browserslist "^4.11.1"
      core-js-compat "^3.6.2"
      invariant "^2.2.2"
      levenary "^1.1.1"
      semver "^5.5.0"
  
  "@babel/preset-modules@^0.1.3":
    version "0.1.3"
    resolved "https://registry.npm.taobao.org/@babel/preset-modules/download/@babel/preset-modules-0.1.3.tgz#13242b53b5ef8c883c3cf7dddd55b36ce80fbc72"
    integrity sha1-EyQrU7XvjIg8PPfd3VWzbOgPvHI=
    dependencies:
      "@babel/helper-plugin-utils" "^7.0.0"
      "@babel/plugin-proposal-unicode-property-regex" "^7.4.4"
      "@babel/plugin-transform-dotall-regex" "^7.4.4"
      "@babel/types" "^7.4.4"
      esutils "^2.0.2"
  
  "@babel/runtime@^7.8.4":
    version "7.9.6"
    resolved "https://registry.npm.taobao.org/@babel/runtime/download/@babel/runtime-7.9.6.tgz?cache=0&sync_timestamp=1588185666578&other_urls=https%3A%2F%2Fregistry.npm.taobao.org%2F%40babel%2Fruntime%2Fdownload%2F%40babel%2Fruntime-7.9.6.tgz#a9102eb5cadedf3f31d08a9ecf294af7827ea29f"
    integrity sha1-qRAutcre3z8x0IqezylK94J+op8=
    dependencies:
      regenerator-runtime "^0.13.4"
  
  "@babel/template@^7.0.0", "@babel/template@^7.8.3", "@babel/template@^7.8.6":
    version "7.8.6"
    resolved "https://registry.npm.taobao.org/@babel/template/download/@babel/template-7.8.6.tgz#86b22af15f828dfb086474f964dcc3e39c43ce2b"
    integrity sha1-hrIq8V+CjfsIZHT5ZNzD45xDzis=
    dependencies:
      "@babel/code-frame" "^7.8.3"
      "@babel/parser" "^7.8.6"
      "@babel/types" "^7.8.6"
  
  "@babel/traverse@^7.0.0", "@babel/traverse@^7.8.3", "@babel/traverse@^7.9.6":
    version "7.9.6"
    resolved "https://registry.npm.taobao.org/@babel/traverse/download/@babel/traverse-7.9.6.tgz?cache=0&sync_timestamp=1588185904779&other_urls=https%3A%2F%2Fregistry.npm.taobao.org%2F%40babel%2Ftraverse%2Fdownload%2F%40babel%2Ftraverse-7.9.6.tgz#5540d7577697bf619cc57b92aa0f1c231a94f442"
    integrity sha1-VUDXV3aXv2GcxXuSqg8cIxqU9EI=
    dependencies:
      "@babel/code-frame" "^7.8.3"
      "@babel/generator" "^7.9.6"
      "@babel/helper-function-name" "^7.9.5"
      "@babel/helper-split-export-declaration" "^7.8.3"
      "@babel/parser" "^7.9.6"
      "@babel/types" "^7.9.6"
      debug "^4.1.0"
      globals "^11.1.0"
      lodash "^4.17.13"
  
  "@babel/types@^7.0.0", "@babel/types@^7.4.4", "@babel/types@^7.8.3", "@babel/types@^7.8.6", "@babel/types@^7.9.0", "@babel/types@^7.9.5", "@babel/types@^7.9.6":
    version "7.9.6"
    resolved "https://registry.npm.taobao.org/@babel/types/download/@babel/types-7.9.6.tgz#2c5502b427251e9de1bd2dff95add646d95cc9f7"
    integrity sha1-LFUCtCclHp3hvS3/la3WRtlcyfc=
    dependencies:
      "@babel/helper-validator-identifier" "^7.9.5"
      lodash "^4.17.13"
      to-fast-properties "^2.0.0"
  
  "@types/color-name@^1.1.1":
    version "1.1.1"
    resolved "https://registry.npm.taobao.org/@types/color-name/download/@types/color-name-1.1.1.tgz#1c1261bbeaa10a8055bbc5d8ab84b7b2afc846a0"
    integrity sha1-HBJhu+qhCoBVu8XYq4S3sq/IRqA=
  
  ansi-escapes@^4.2.1:
    version "4.3.1"
    resolved "https://registry.npm.taobao.org/ansi-escapes/download/ansi-escapes-4.3.1.tgz#a5c47cc43181f1f38ffd7076837700d395522a61"
    integrity sha1-pcR8xDGB8fOP/XB2g3cA05VSKmE=
    dependencies:
      type-fest "^0.11.0"
  
  ansi-regex@^5.0.0:
    version "5.0.0"
    resolved "https://registry.npm.taobao.org/ansi-regex/download/ansi-regex-5.0.0.tgz#388539f55179bf39339c81af30a654d69f87cb75"
    integrity sha1-OIU59VF5vzkznIGvMKZU1p+Hy3U=
  
  ansi-styles@^3.2.1:
    version "3.2.1"
    resolved "https://registry.npm.taobao.org/ansi-styles/download/ansi-styles-3.2.1.tgz#41fbb20243e50b12be0f04b8dedbf07520ce841d"
    integrity sha1-QfuyAkPlCxK+DwS43tvwdSDOhB0=
    dependencies:
      color-convert "^1.9.0"
  
  ansi-styles@^4.1.0:
    version "4.2.1"
    resolved "https://registry.npm.taobao.org/ansi-styles/download/ansi-styles-4.2.1.tgz#90ae75c424d008d2624c5bf29ead3177ebfcf359"
    integrity sha1-kK51xCTQCNJiTFvynq0xd+v881k=
    dependencies:
      "@types/color-name" "^1.1.1"
      color-convert "^2.0.1"
  
  babel-loader@7:
    version "7.1.5"
    resolved "https://registry.npm.taobao.org/babel-loader/download/babel-loader-7.1.5.tgz?cache=0&sync_timestamp=1584715910722&other_urls=https%3A%2F%2Fregistry.npm.taobao.org%2Fbabel-loader%2Fdownload%2Fbabel-loader-7.1.5.tgz#e3ee0cd7394aa557e013b02d3e492bfd07aa6d68"
    integrity sha1-4+4M1zlKpVfgE7AtPkkr/QeqbWg=
    dependencies:
      find-cache-dir "^1.0.0"
      loader-utils "^1.0.2"
      mkdirp "^0.5.1"
  
  babel-plugin-dynamic-import-node@^2.3.3:
    version "2.3.3"
    resolved "https://registry.npm.taobao.org/babel-plugin-dynamic-import-node/download/babel-plugin-dynamic-import-node-2.3.3.tgz?cache=0&sync_timestamp=1587496311403&other_urls=https%3A%2F%2Fregistry.npm.taobao.org%2Fbabel-plugin-dynamic-import-node%2Fdownload%2Fbabel-plugin-dynamic-import-node-2.3.3.tgz#84fda19c976ec5c6defef57f9427b3def66e17a3"
    integrity sha1-hP2hnJduxcbe/vV/lCez3vZuF6M=
    dependencies:
      object.assign "^4.1.0"
  
  big.js@^5.2.2:
    version "5.2.2"
    resolved "https://registry.npm.taobao.org/big.js/download/big.js-5.2.2.tgz#65f0af382f578bcdc742bd9c281e9cb2d7768328"
    integrity sha1-ZfCvOC9Xi83HQr2cKB6cstd2gyg=
  
  browserslist@^4.11.1, browserslist@^4.8.5:
    version "4.12.0"
    resolved "https://registry.npm.taobao.org/browserslist/download/browserslist-4.12.0.tgz#06c6d5715a1ede6c51fc39ff67fd647f740b656d"
    integrity sha1-BsbVcVoe3mxR/Dn/Z/1kf3QLZW0=
    dependencies:
      caniuse-lite "^1.0.30001043"
      electron-to-chromium "^1.3.413"
      node-releases "^1.1.53"
      pkg-up "^2.0.0"
  
  caniuse-lite@^1.0.30001043:
    version "1.0.30001057"
    resolved "https://registry.npm.taobao.org/caniuse-lite/download/caniuse-lite-1.0.30001057.tgz?cache=0&sync_timestamp=1589419994436&other_urls=https%3A%2F%2Fregistry.npm.taobao.org%2Fcaniuse-lite%2Fdownload%2Fcaniuse-lite-1.0.30001057.tgz#d1052b77ef13304c85e610c23954c240f155b317"
    integrity sha1-0QUrd+8TMEyF5hDCOVTCQPFVsxc=
  
  chalk@^2.0.0:
    version "2.4.2"
    resolved "https://registry.npm.taobao.org/chalk/download/chalk-2.4.2.tgz#cd42541677a54333cf541a49108c1432b44c9424"
    integrity sha1-zUJUFnelQzPPVBpJEIwUMrRMlCQ=
    dependencies:
      ansi-styles "^3.2.1"
      escape-string-regexp "^1.0.5"
      supports-color "^5.3.0"
  
  chalk@^3.0.0:
    version "3.0.0"
    resolved "https://registry.npm.taobao.org/chalk/download/chalk-3.0.0.tgz#3f73c2bf526591f574cc492c51e2456349f844e4"
    integrity sha1-P3PCv1JlkfV0zEksUeJFY0n4ROQ=
    dependencies:
      ansi-styles "^4.1.0"
      supports-color "^7.1.0"
  
  chardet@^0.7.0:
    version "0.7.0"
    resolved "https://registry.npm.taobao.org/chardet/download/chardet-0.7.0.tgz?cache=0&sync_timestamp=1588893413176&other_urls=https%3A%2F%2Fregistry.npm.taobao.org%2Fchardet%2Fdownload%2Fchardet-0.7.0.tgz#90094849f0937f2eedc2425d0d28a9e5f0cbad9e"
    integrity sha1-kAlISfCTfy7twkJdDSip5fDLrZ4=
  
  cli-cursor@^3.1.0:
    version "3.1.0"
    resolved "https://registry.npm.taobao.org/cli-cursor/download/cli-cursor-3.1.0.tgz#264305a7ae490d1d03bf0c9ba7c925d1753af307"
    integrity sha1-JkMFp65JDR0Dvwybp8kl0XU68wc=
    dependencies:
      restore-cursor "^3.1.0"
  
  cli-width@^2.0.0:
    version "2.2.1"
    resolved "https://registry.npm.taobao.org/cli-width/download/cli-width-2.2.1.tgz#b0433d0b4e9c847ef18868a4ef16fd5fc8271c48"
    integrity sha1-sEM9C06chH7xiGik7xb9X8gnHEg=
  
  color-convert@^1.9.0:
    version "1.9.3"
    resolved "https://registry.npm.taobao.org/color-convert/download/color-convert-1.9.3.tgz#bb71850690e1f136567de629d2d5471deda4c1e8"
    integrity sha1-u3GFBpDh8TZWfeYp0tVHHe2kweg=
    dependencies:
      color-name "1.1.3"
  
  color-convert@^2.0.1:
    version "2.0.1"
    resolved "https://registry.npm.taobao.org/color-convert/download/color-convert-2.0.1.tgz#72d3a68d598c9bdb3af2ad1e84f21d896abd4de3"
    integrity sha1-ctOmjVmMm9s68q0ehPIdiWq9TeM=
    dependencies:
      color-name "~1.1.4"
  
  color-name@1.1.3:
    version "1.1.3"
    resolved "https://registry.npm.taobao.org/color-name/download/color-name-1.1.3.tgz#a7d0558bd89c42f795dd42328f740831ca53bc25"
    integrity sha1-p9BVi9icQveV3UIyj3QIMcpTvCU=
  
  color-name@~1.1.4:
    version "1.1.4"
    resolved "https://registry.npm.taobao.org/color-name/download/color-name-1.1.4.tgz#c2a09a87acbde69543de6f63fa3995c826c536a2"
    integrity sha1-wqCah6y95pVD3m9j+jmVyCbFNqI=
  
  commander@^5.1.0:
    version "5.1.0"
    resolved "https://registry.npm.taobao.org/commander/download/commander-5.1.0.tgz?cache=0&sync_timestamp=1587781596778&other_urls=https%3A%2F%2Fregistry.npm.taobao.org%2Fcommander%2Fdownload%2Fcommander-5.1.0.tgz#46abbd1652f8e059bddaef99bbdcb2ad9cf179ae"
    integrity sha1-Rqu9FlL44Fm92u+Zu9yyrZzxea4=
  
  commondir@^1.0.1:
    version "1.0.1"
    resolved "https://registry.npm.taobao.org/commondir/download/commondir-1.0.1.tgz#ddd800da0c66127393cca5950ea968a3aaf1253b"
    integrity sha1-3dgA2gxmEnOTzKWVDqloo6rxJTs=
  
  convert-source-map@^1.1.0:
    version "1.7.0"
    resolved "https://registry.npm.taobao.org/convert-source-map/download/convert-source-map-1.7.0.tgz#17a2cb882d7f77d3490585e2ce6c524424a3a442"
    integrity sha1-F6LLiC1/d9NJBYXizmxSRCSjpEI=
    dependencies:
      safe-buffer "~5.1.1"
  
  core-js-compat@^3.6.2:
    version "3.6.5"
    resolved "https://registry.npm.taobao.org/core-js-compat/download/core-js-compat-3.6.5.tgz#2a51d9a4e25dfd6e690251aa81f99e3c05481f1c"
    integrity sha1-KlHZpOJd/W5pAlGqgfmePAVIHxw=
    dependencies:
      browserslist "^4.8.5"
      semver "7.0.0"
  
  debug@^3.1.0:
    version "3.2.6"
    resolved "https://registry.npm.taobao.org/debug/download/debug-3.2.6.tgz#e83d17de16d8a7efb7717edbe5fb10135eee629b"
    integrity sha1-6D0X3hbYp++3cX7b5fsQE17uYps=
    dependencies:
      ms "^2.1.1"
  
  debug@^4.1.0:
    version "4.1.1"
    resolved "https://registry.npm.taobao.org/debug/download/debug-4.1.1.tgz?cache=0&other_urls=https%3A%2F%2Fregistry.npm.taobao.org%2Fdebug%2Fdownload%2Fdebug-4.1.1.tgz#3b72260255109c6b589cee050f1d516139664791"
    integrity sha1-O3ImAlUQnGtYnO4FDx1RYTlmR5E=
    dependencies:
      ms "^2.1.1"
  
  define-properties@^1.1.2:
    version "1.1.3"
    resolved "https://registry.npm.taobao.org/define-properties/download/define-properties-1.1.3.tgz#cf88da6cbee26fe6db7094f61d870cbd84cee9f1"
    integrity sha1-z4jabL7ib+bbcJT2HYcMvYTO6fE=
    dependencies:
      object-keys "^1.0.12"
  
  electron-to-chromium@^1.3.413:
    version "1.3.436"
    resolved "https://registry.npm.taobao.org/electron-to-chromium/download/electron-to-chromium-1.3.436.tgz?cache=0&sync_timestamp=1589400580715&other_urls=https%3A%2F%2Fregistry.npm.taobao.org%2Felectron-to-chromium%2Fdownload%2Felectron-to-chromium-1.3.436.tgz#d50715d8c2a75c9a3d2e77a1c3a28072580aaba2"
    integrity sha1-1QcV2MKnXJo9Lnehw6KAclgKq6I=
  
  emoji-regex@^8.0.0:
    version "8.0.0"
    resolved "https://registry.npm.taobao.org/emoji-regex/download/emoji-regex-8.0.0.tgz#e818fd69ce5ccfcb404594f842963bf53164cc37"
    integrity sha1-6Bj9ac5cz8tARZT4QpY79TFkzDc=
  
  emojis-list@^3.0.0:
    version "3.0.0"
    resolved "https://registry.npm.taobao.org/emojis-list/download/emojis-list-3.0.0.tgz#5570662046ad29e2e916e71aae260abdff4f6a78"
    integrity sha1-VXBmIEatKeLpFucariYKvf9Pang=
  
  escape-string-regexp@^1.0.5:
    version "1.0.5"
    resolved "https://registry.npm.taobao.org/escape-string-regexp/download/escape-string-regexp-1.0.5.tgz?cache=0&sync_timestamp=1587627212242&other_urls=https%3A%2F%2Fregistry.npm.taobao.org%2Fescape-string-regexp%2Fdownload%2Fescape-string-regexp-1.0.5.tgz#1b61c0562190a8dff6ae3bb2cf0200ca130b86d4"
    integrity sha1-G2HAViGQqN/2rjuyzwIAyhMLhtQ=
  
  esutils@^2.0.2:
    version "2.0.3"
    resolved "https://registry.npm.taobao.org/esutils/download/esutils-2.0.3.tgz#74d2eb4de0b8da1293711910d50775b9b710ef64"
    integrity sha1-dNLrTeC42hKTcRkQ1Qd1ubcQ72Q=
  
  external-editor@^3.0.3:
    version "3.1.0"
    resolved "https://registry.npm.taobao.org/external-editor/download/external-editor-3.1.0.tgz?cache=0&sync_timestamp=1562602052556&other_urls=https%3A%2F%2Fregistry.npm.taobao.org%2Fexternal-editor%2Fdownload%2Fexternal-editor-3.1.0.tgz#cb03f740befae03ea4d283caed2741a83f335495"
    integrity sha1-ywP3QL764D6k0oPK7SdBqD8zVJU=
    dependencies:
      chardet "^0.7.0"
      iconv-lite "^0.4.24"
      tmp "^0.0.33"
  
  figures@^3.0.0:
    version "3.2.0"
    resolved "https://registry.npm.taobao.org/figures/download/figures-3.2.0.tgz#625c18bd293c604dc4a8ddb2febf0c88341746af"
    integrity sha1-YlwYvSk8YE3EqN2y/r8MiDQXRq8=
    dependencies:
      escape-string-regexp "^1.0.5"
  
  find-cache-dir@^1.0.0:
    version "1.0.0"
    resolved "https://registry.npm.taobao.org/find-cache-dir/download/find-cache-dir-1.0.0.tgz?cache=0&sync_timestamp=1583734591888&other_urls=https%3A%2F%2Fregistry.npm.taobao.org%2Ffind-cache-dir%2Fdownload%2Ffind-cache-dir-1.0.0.tgz#9288e3e9e3cc3748717d39eade17cf71fc30ee6f"
    integrity sha1-kojj6ePMN0hxfTnq3hfPcfww7m8=
    dependencies:
      commondir "^1.0.1"
      make-dir "^1.0.0"
      pkg-dir "^2.0.0"
  
  find-up@^2.1.0:
    version "2.1.0"
    resolved "https://registry.npm.taobao.org/find-up/download/find-up-2.1.0.tgz#45d1b7e506c717ddd482775a2b77920a3c0c57a7"
    integrity sha1-RdG35QbHF93UgndaK3eSCjwMV6c=
    dependencies:
      locate-path "^2.0.0"
  
  function-bind@^1.1.1:
    version "1.1.1"
    resolved "https://registry.npm.taobao.org/function-bind/download/function-bind-1.1.1.tgz#a56899d3ea3c9bab874bb9773b7c5ede92f4895d"
    integrity sha1-pWiZ0+o8m6uHS7l3O3xe3pL0iV0=
  
  globals@^11.1.0:
    version "11.12.0"
    resolved "https://registry.npm.taobao.org/globals/download/globals-11.12.0.tgz#ab8795338868a0babd8525758018c2a7eb95c42e"
    integrity sha1-q4eVM4hooLq9hSV1gBjCp+uVxC4=
  
  has-flag@^3.0.0:
    version "3.0.0"
    resolved "https://registry.npm.taobao.org/has-flag/download/has-flag-3.0.0.tgz#b5d454dc2199ae225699f3467e5a07f3b955bafd"
    integrity sha1-tdRU3CGZriJWmfNGfloH87lVuv0=
  
  has-flag@^4.0.0:
    version "4.0.0"
    resolved "https://registry.npm.taobao.org/has-flag/download/has-flag-4.0.0.tgz#944771fd9c81c81265c4d6941860da06bb59479b"
    integrity sha1-lEdx/ZyByBJlxNaUGGDaBrtZR5s=
  
  has-symbols@^1.0.0:
    version "1.0.1"
    resolved "https://registry.npm.taobao.org/has-symbols/download/has-symbols-1.0.1.tgz#9f5214758a44196c406d9bd76cebf81ec2dd31e8"
    integrity sha1-n1IUdYpEGWxAbZvXbOv4HsLdMeg=
  
  iconv-lite@^0.4.24:
    version "0.4.24"
    resolved "https://registry.npm.taobao.org/iconv-lite/download/iconv-lite-0.4.24.tgz?cache=0&sync_timestamp=1579333981154&other_urls=https%3A%2F%2Fregistry.npm.taobao.org%2Ficonv-lite%2Fdownload%2Ficonv-lite-0.4.24.tgz#2022b4b25fbddc21d2f524974a474aafe733908b"
    integrity sha1-ICK0sl+93CHS9SSXSkdKr+czkIs=
    dependencies:
      safer-buffer ">= 2.1.2 < 3"
  
  inquirer@^7.1.0:
    version "7.1.0"
    resolved "https://registry.npm.taobao.org/inquirer/download/inquirer-7.1.0.tgz#1298a01859883e17c7264b82870ae1034f92dd29"
    integrity sha1-EpigGFmIPhfHJkuChwrhA0+S3Sk=
    dependencies:
      ansi-escapes "^4.2.1"
      chalk "^3.0.0"
      cli-cursor "^3.1.0"
      cli-width "^2.0.0"
      external-editor "^3.0.3"
      figures "^3.0.0"
      lodash "^4.17.15"
      mute-stream "0.0.8"
      run-async "^2.4.0"
      rxjs "^6.5.3"
      string-width "^4.1.0"
      strip-ansi "^6.0.0"
      through "^2.3.6"
  
  invariant@^2.2.2, invariant@^2.2.4:
    version "2.2.4"
    resolved "https://registry.npm.taobao.org/invariant/download/invariant-2.2.4.tgz#610f3c92c9359ce1db616e538008d23ff35158e6"
    integrity sha1-YQ88ksk1nOHbYW5TgAjSP/NRWOY=
    dependencies:
      loose-envify "^1.0.0"
  
  is-fullwidth-code-point@^3.0.0:
    version "3.0.0"
    resolved "https://registry.npm.taobao.org/is-fullwidth-code-point/download/is-fullwidth-code-point-3.0.0.tgz#f116f8064fe90b3f7844a38997c0b75051269f1d"
    integrity sha1-8Rb4Bk/pCz94RKOJl8C3UFEmnx0=
  
  "js-tokens@^3.0.0 || ^4.0.0", js-tokens@^4.0.0:
    version "4.0.0"
    resolved "https://registry.npm.taobao.org/js-tokens/download/js-tokens-4.0.0.tgz#19203fb59991df98e3a287050d4647cdeaf32499"
    integrity sha1-GSA/tZmR35jjoocFDUZHzerzJJk=
  
  jsesc@^2.5.1:
    version "2.5.2"
    resolved "https://registry.npm.taobao.org/jsesc/download/jsesc-2.5.2.tgz#80564d2e483dacf6e8ef209650a67df3f0c283a4"
    integrity sha1-gFZNLkg9rPbo7yCWUKZ98/DCg6Q=
  
  jsesc@~0.5.0:
    version "0.5.0"
    resolved "https://registry.npm.taobao.org/jsesc/download/jsesc-0.5.0.tgz#e7dee66e35d6fc16f710fe91d5cf69f70f08911d"
    integrity sha1-597mbjXW/Bb3EP6R1c9p9w8IkR0=
  
  json5@^0.5.0:
    version "0.5.1"
    resolved "https://registry.npm.taobao.org/json5/download/json5-0.5.1.tgz?cache=0&sync_timestamp=1586046271069&other_urls=https%3A%2F%2Fregistry.npm.taobao.org%2Fjson5%2Fdownload%2Fjson5-0.5.1.tgz#1eade7acc012034ad84e2396767ead9fa5495821"
    integrity sha1-Hq3nrMASA0rYTiOWdn6tn6VJWCE=
  
  json5@^1.0.1:
    version "1.0.1"
    resolved "https://registry.npm.taobao.org/json5/download/json5-1.0.1.tgz#779fb0018604fa854eacbf6252180d83543e3dbe"
    integrity sha1-d5+wAYYE+oVOrL9iUhgNg1Q+Pb4=
    dependencies:
      minimist "^1.2.0"
  
  leven@^3.1.0:
    version "3.1.0"
    resolved "https://registry.npm.taobao.org/leven/download/leven-3.1.0.tgz#77891de834064cccba82ae7842bb6b14a13ed7f2"
    integrity sha1-d4kd6DQGTMy6gq54QrtrFKE+1/I=
  
  levenary@^1.1.1:
    version "1.1.1"
    resolved "https://registry.npm.taobao.org/levenary/download/levenary-1.1.1.tgz#842a9ee98d2075aa7faeedbe32679e9205f46f77"
    integrity sha1-hCqe6Y0gdap/ru2+MmeekgX0b3c=
    dependencies:
      leven "^3.1.0"
  
  loader-utils@^1.0.2:
    version "1.4.0"
    resolved "https://registry.npm.taobao.org/loader-utils/download/loader-utils-1.4.0.tgz?cache=0&sync_timestamp=1584445207623&other_urls=https%3A%2F%2Fregistry.npm.taobao.org%2Floader-utils%2Fdownload%2Floader-utils-1.4.0.tgz#c579b5e34cb34b1a74edc6c1fb36bfa371d5a613"
    integrity sha1-xXm140yzSxp07cbB+za/o3HVphM=
    dependencies:
      big.js "^5.2.2"
      emojis-list "^3.0.0"
      json5 "^1.0.1"
  
  locate-path@^2.0.0:
    version "2.0.0"
    resolved "https://registry.npm.taobao.org/locate-path/download/locate-path-2.0.0.tgz#2b568b265eec944c6d9c0de9c3dbbbca0354cd8e"
    integrity sha1-K1aLJl7slExtnA3pw9u7ygNUzY4=
    dependencies:
      p-locate "^2.0.0"
      path-exists "^3.0.0"
  
  lodash@^4.17.10, lodash@^4.17.13, lodash@^4.17.15:
    version "4.17.15"
    resolved "https://registry.npm.taobao.org/lodash/download/lodash-4.17.15.tgz#b447f6670a0455bbfeedd11392eff330ea097548"
    integrity sha1-tEf2ZwoEVbv+7dETku/zMOoJdUg=
  
  loose-envify@^1.0.0:
    version "1.4.0"
    resolved "https://registry.npm.taobao.org/loose-envify/download/loose-envify-1.4.0.tgz#71ee51fa7be4caec1a63839f7e682d8132d30caf"
    integrity sha1-ce5R+nvkyuwaY4OffmgtgTLTDK8=
    dependencies:
      js-tokens "^3.0.0 || ^4.0.0"
  
  make-dir@^1.0.0:
    version "1.3.0"
    resolved "https://registry.npm.taobao.org/make-dir/download/make-dir-1.3.0.tgz#79c1033b80515bd6d24ec9933e860ca75ee27f0c"
    integrity sha1-ecEDO4BRW9bSTsmTPoYMp17ifww=
    dependencies:
      pify "^3.0.0"
  
  mimic-fn@^2.1.0:
    version "2.1.0"
    resolved "https://registry.npm.taobao.org/mimic-fn/download/mimic-fn-2.1.0.tgz#7ed2c2ccccaf84d3ffcb7a69b57711fc2083401b"
    integrity sha1-ftLCzMyvhNP/y3pptXcR/CCDQBs=
  
  minimist@^1.2.0, minimist@^1.2.5:
    version "1.2.5"
    resolved "https://registry.npm.taobao.org/minimist/download/minimist-1.2.5.tgz#67d66014b66a6a8aaa0c083c5fd58df4e4e97602"
    integrity sha1-Z9ZgFLZqaoqqDAg8X9WN9OTpdgI=
  
  mkdirp@^0.5.1:
    version "0.5.5"
    resolved "https://registry.npm.taobao.org/mkdirp/download/mkdirp-0.5.5.tgz?cache=0&sync_timestamp=1587535418745&other_urls=https%3A%2F%2Fregistry.npm.taobao.org%2Fmkdirp%2Fdownload%2Fmkdirp-0.5.5.tgz#d91cefd62d1436ca0f41620e251288d420099def"
    integrity sha1-2Rzv1i0UNsoPQWIOJRKI1CAJne8=
    dependencies:
      minimist "^1.2.5"
  
  ms@^2.1.1:
    version "2.1.2"
    resolved "https://registry.npm.taobao.org/ms/download/ms-2.1.2.tgz#d09d1f357b443f493382a8eb3ccd183872ae6009"
    integrity sha1-0J0fNXtEP0kzgqjrPM0YOHKuYAk=
  
  mute-stream@0.0.8:
    version "0.0.8"
    resolved "https://registry.npm.taobao.org/mute-stream/download/mute-stream-0.0.8.tgz#1630c42b2251ff81e2a283de96a5497ea92e5e0d"
    integrity sha1-FjDEKyJR/4HiooPelqVJfqkuXg0=
  
  node-releases@^1.1.53:
    version "1.1.55"
    resolved "https://registry.npm.taobao.org/node-releases/download/node-releases-1.1.55.tgz?cache=0&sync_timestamp=1588708673007&other_urls=https%3A%2F%2Fregistry.npm.taobao.org%2Fnode-releases%2Fdownload%2Fnode-releases-1.1.55.tgz#8af23b7c561d8e2e6e36a46637bab84633b07cee"
    integrity sha1-ivI7fFYdji5uNqRmN7q4RjOwfO4=
  
  object-keys@^1.0.11, object-keys@^1.0.12:
    version "1.1.1"
    resolved "https://registry.npm.taobao.org/object-keys/download/object-keys-1.1.1.tgz#1c47f272df277f3b1daf061677d9c82e2322c60e"
    integrity sha1-HEfyct8nfzsdrwYWd9nILiMixg4=
  
  object.assign@^4.1.0:
    version "4.1.0"
    resolved "https://registry.npm.taobao.org/object.assign/download/object.assign-4.1.0.tgz#968bf1100d7956bb3ca086f006f846b3bc4008da"
    integrity sha1-lovxEA15Vrs8oIbwBvhGs7xACNo=
    dependencies:
      define-properties "^1.1.2"
      function-bind "^1.1.1"
      has-symbols "^1.0.0"
      object-keys "^1.0.11"
  
  onetime@^5.1.0:
    version "5.1.0"
    resolved "https://registry.npm.taobao.org/onetime/download/onetime-5.1.0.tgz#fff0f3c91617fe62bb50189636e99ac8a6df7be5"
    integrity sha1-//DzyRYX/mK7UBiWNumayKbfe+U=
    dependencies:
      mimic-fn "^2.1.0"
  
  os-tmpdir@~1.0.2:
    version "1.0.2"
    resolved "https://registry.npm.taobao.org/os-tmpdir/download/os-tmpdir-1.0.2.tgz#bbe67406c79aa85c5cfec766fe5734555dfa1274"
    integrity sha1-u+Z0BseaqFxc/sdm/lc0VV36EnQ=
  
  p-limit@^1.1.0:
    version "1.3.0"
    resolved "https://registry.npm.taobao.org/p-limit/download/p-limit-1.3.0.tgz#b86bd5f0c25690911c7590fcbfc2010d54b3ccb8"
    integrity sha1-uGvV8MJWkJEcdZD8v8IBDVSzzLg=
    dependencies:
      p-try "^1.0.0"
  
  p-locate@^2.0.0:
    version "2.0.0"
    resolved "https://registry.npm.taobao.org/p-locate/download/p-locate-2.0.0.tgz#20a0103b222a70c8fd39cc2e580680f3dde5ec43"
    integrity sha1-IKAQOyIqcMj9OcwuWAaA893l7EM=
    dependencies:
      p-limit "^1.1.0"
  
  p-try@^1.0.0:
    version "1.0.0"
    resolved "https://registry.npm.taobao.org/p-try/download/p-try-1.0.0.tgz#cbc79cdbaf8fd4228e13f621f2b1a237c1b207b3"
    integrity sha1-y8ec26+P1CKOE/Yh8rGiN8GyB7M=
  
  path-exists@^3.0.0:
    version "3.0.0"
    resolved "https://registry.npm.taobao.org/path-exists/download/path-exists-3.0.0.tgz#ce0ebeaa5f78cb18925ea7d810d7b59b010fd515"
    integrity sha1-zg6+ql94yxiSXqfYENe1mwEP1RU=
  
  path-parse@^1.0.6:
    version "1.0.6"
    resolved "https://registry.npm.taobao.org/path-parse/download/path-parse-1.0.6.tgz#d62dbb5679405d72c4737ec58600e9ddcf06d24c"
    integrity sha1-1i27VnlAXXLEc37FhgDp3c8G0kw=
  
  pify@^3.0.0:
    version "3.0.0"
    resolved "https://registry.npm.taobao.org/pify/download/pify-3.0.0.tgz#e5a4acd2c101fdf3d9a4d07f0dbc4db49dd28176"
    integrity sha1-5aSs0sEB/fPZpNB/DbxNtJ3SgXY=
  
  pkg-dir@^2.0.0:
    version "2.0.0"
    resolved "https://registry.npm.taobao.org/pkg-dir/download/pkg-dir-2.0.0.tgz#f6d5d1109e19d63edf428e0bd57e12777615334b"
    integrity sha1-9tXREJ4Z1j7fQo4L1X4Sd3YVM0s=
    dependencies:
      find-up "^2.1.0"
  
  pkg-up@^2.0.0:
    version "2.0.0"
    resolved "https://registry.npm.taobao.org/pkg-up/download/pkg-up-2.0.0.tgz#c819ac728059a461cab1c3889a2be3c49a004d7f"
    integrity sha1-yBmscoBZpGHKscOImivjxJoATX8=
    dependencies:
      find-up "^2.1.0"
  
  private@^0.1.8:
    version "0.1.8"
    resolved "https://registry.npm.taobao.org/private/download/private-0.1.8.tgz#2381edb3689f7a53d653190060fcf822d2f368ff"
    integrity sha1-I4Hts2ifelPWUxkAYPz4ItLzaP8=
  
  regenerate-unicode-properties@^8.2.0:
    version "8.2.0"
    resolved "https://registry.npm.taobao.org/regenerate-unicode-properties/download/regenerate-unicode-properties-8.2.0.tgz?cache=0&sync_timestamp=1583946996794&other_urls=https%3A%2F%2Fregistry.npm.taobao.org%2Fregenerate-unicode-properties%2Fdownload%2Fregenerate-unicode-properties-8.2.0.tgz#e5de7111d655e7ba60c057dbe9ff37c87e65cdec"
    integrity sha1-5d5xEdZV57pgwFfb6f83yH5lzew=
    dependencies:
      regenerate "^1.4.0"
  
  regenerate@^1.4.0:
    version "1.4.0"
    resolved "https://registry.npm.taobao.org/regenerate/download/regenerate-1.4.0.tgz#4a856ec4b56e4077c557589cae85e7a4c8869a11"
    integrity sha1-SoVuxLVuQHfFV1icroXnpMiGmhE=
  
  regenerator-runtime@^0.13.4:
    version "0.13.5"
    resolved "https://registry.npm.taobao.org/regenerator-runtime/download/regenerator-runtime-0.13.5.tgz?cache=0&sync_timestamp=1584052597708&other_urls=https%3A%2F%2Fregistry.npm.taobao.org%2Fregenerator-runtime%2Fdownload%2Fregenerator-runtime-0.13.5.tgz#d878a1d094b4306d10b9096484b33ebd55e26697"
    integrity sha1-2Hih0JS0MG0QuQlkhLM+vVXiZpc=
  
  regenerator-transform@^0.14.2:
    version "0.14.4"
    resolved "https://registry.npm.taobao.org/regenerator-transform/download/regenerator-transform-0.14.4.tgz#5266857896518d1616a78a0479337a30ea974cc7"
    integrity sha1-UmaFeJZRjRYWp4oEeTN6MOqXTMc=
    dependencies:
      "@babel/runtime" "^7.8.4"
      private "^0.1.8"
  
  regexpu-core@^4.7.0:
    version "4.7.0"
    resolved "https://registry.npm.taobao.org/regexpu-core/download/regexpu-core-4.7.0.tgz?cache=0&sync_timestamp=1583949899397&other_urls=https%3A%2F%2Fregistry.npm.taobao.org%2Fregexpu-core%2Fdownload%2Fregexpu-core-4.7.0.tgz#fcbf458c50431b0bb7b45d6967b8192d91f3d938"
    integrity sha1-/L9FjFBDGwu3tF1pZ7gZLZHz2Tg=
    dependencies:
      regenerate "^1.4.0"
      regenerate-unicode-properties "^8.2.0"
      regjsgen "^0.5.1"
      regjsparser "^0.6.4"
      unicode-match-property-ecmascript "^1.0.4"
      unicode-match-property-value-ecmascript "^1.2.0"
  
  regjsgen@^0.5.1:
    version "0.5.1"
    resolved "https://registry.npm.taobao.org/regjsgen/download/regjsgen-0.5.1.tgz?cache=0&sync_timestamp=1571560340910&other_urls=https%3A%2F%2Fregistry.npm.taobao.org%2Fregjsgen%2Fdownload%2Fregjsgen-0.5.1.tgz#48f0bf1a5ea205196929c0d9798b42d1ed98443c"
    integrity sha1-SPC/Gl6iBRlpKcDZeYtC0e2YRDw=
  
  regjsparser@^0.6.4:
    version "0.6.4"
    resolved "https://registry.npm.taobao.org/regjsparser/download/regjsparser-0.6.4.tgz#a769f8684308401a66e9b529d2436ff4d0666272"
    integrity sha1-p2n4aEMIQBpm6bUp0kNv9NBmYnI=
    dependencies:
      jsesc "~0.5.0"
  
  resolve@^1.3.2:
    version "1.17.0"
    resolved "https://registry.npm.taobao.org/resolve/download/resolve-1.17.0.tgz?cache=0&other_urls=https%3A%2F%2Fregistry.npm.taobao.org%2Fresolve%2Fdownload%2Fresolve-1.17.0.tgz#b25941b54968231cc2d1bb76a79cb7f2c0bf8444"
    integrity sha1-sllBtUloIxzC0bt2p5y38sC/hEQ=
    dependencies:
      path-parse "^1.0.6"
  
  restore-cursor@^3.1.0:
    version "3.1.0"
    resolved "https://registry.npm.taobao.org/restore-cursor/download/restore-cursor-3.1.0.tgz#39f67c54b3a7a58cea5236d95cf0034239631f7e"
    integrity sha1-OfZ8VLOnpYzqUjbZXPADQjljH34=
    dependencies:
      onetime "^5.1.0"
      signal-exit "^3.0.2"
  
  run-async@^2.4.0:
    version "2.4.1"
    resolved "https://registry.npm.taobao.org/run-async/download/run-async-2.4.1.tgz?cache=0&other_urls=https%3A%2F%2Fregistry.npm.taobao.org%2Frun-async%2Fdownload%2Frun-async-2.4.1.tgz#8440eccf99ea3e70bd409d49aab88e10c189a455"
    integrity sha1-hEDsz5nqPnC9QJ1JqriOEMGJpFU=
  
  rxjs@^6.5.3:
    version "6.5.5"
    resolved "https://registry.npm.taobao.org/rxjs/download/rxjs-6.5.5.tgz#c5c884e3094c8cfee31bf27eb87e54ccfc87f9ec"
    integrity sha1-xciE4wlMjP7jG/J+uH5UzPyH+ew=
    dependencies:
      tslib "^1.9.0"
  
  safe-buffer@~5.1.1:
    version "5.1.2"
    resolved "https://registry.npm.taobao.org/safe-buffer/download/safe-buffer-5.1.2.tgz#991ec69d296e0313747d59bdfd2b745c35f8828d"
    integrity sha1-mR7GnSluAxN0fVm9/St0XDX4go0=
  
  "safer-buffer@>= 2.1.2 < 3":
    version "2.1.2"
    resolved "https://registry.npm.taobao.org/safer-buffer/download/safer-buffer-2.1.2.tgz?cache=0&other_urls=https%3A%2F%2Fregistry.npm.taobao.org%2Fsafer-buffer%2Fdownload%2Fsafer-buffer-2.1.2.tgz#44fa161b0187b9549dd84bb91802f9bd8385cd6a"
    integrity sha1-RPoWGwGHuVSd2Eu5GAL5vYOFzWo=
  
  semver@7.0.0:
    version "7.0.0"
    resolved "https://registry.npm.taobao.org/semver/download/semver-7.0.0.tgz#5f3ca35761e47e05b206c6daff2cf814f0316b8e"
    integrity sha1-XzyjV2HkfgWyBsba/yz4FPAxa44=
  
  semver@^5.4.1, semver@^5.5.0:
    version "5.7.1"
    resolved "https://registry.npm.taobao.org/semver/download/semver-5.7.1.tgz#a954f931aeba508d307bbf069eff0c01c96116f7"
    integrity sha1-qVT5Ma66UI0we78Gnv8MAclhFvc=
  
  signal-exit@^3.0.2:
    version "3.0.3"
    resolved "https://registry.npm.taobao.org/signal-exit/download/signal-exit-3.0.3.tgz#a1410c2edd8f077b08b4e253c8eacfcaf057461c"
    integrity sha1-oUEMLt2PB3sItOJTyOrPyvBXRhw=
  
  source-map@^0.5.0:
    version "0.5.7"
    resolved "https://registry.npm.taobao.org/source-map/download/source-map-0.5.7.tgz#8a039d2d1021d22d1ea14c80d8ea468ba2ef3fcc"
    integrity sha1-igOdLRAh0i0eoUyA2OpGi6LvP8w=
  
  string-width@^4.1.0:
    version "4.2.0"
    resolved "https://registry.npm.taobao.org/string-width/download/string-width-4.2.0.tgz#952182c46cc7b2c313d1596e623992bd163b72b5"
    integrity sha1-lSGCxGzHssMT0VluYjmSvRY7crU=
    dependencies:
      emoji-regex "^8.0.0"
      is-fullwidth-code-point "^3.0.0"
      strip-ansi "^6.0.0"
  
  strip-ansi@^6.0.0:
    version "6.0.0"
    resolved "https://registry.npm.taobao.org/strip-ansi/download/strip-ansi-6.0.0.tgz#0b1571dd7669ccd4f3e06e14ef1eed26225ae532"
    integrity sha1-CxVx3XZpzNTz4G4U7x7tJiJa5TI=
    dependencies:
      ansi-regex "^5.0.0"
  
  supports-color@^5.3.0:
    version "5.5.0"
    resolved "https://registry.npm.taobao.org/supports-color/download/supports-color-5.5.0.tgz?cache=0&other_urls=https%3A%2F%2Fregistry.npm.taobao.org%2Fsupports-color%2Fdownload%2Fsupports-color-5.5.0.tgz#e2e69a44ac8772f78a1ec0b35b689df6530efc8f"
    integrity sha1-4uaaRKyHcveKHsCzW2id9lMO/I8=
    dependencies:
      has-flag "^3.0.0"
  
  supports-color@^7.1.0:
    version "7.1.0"
    resolved "https://registry.npm.taobao.org/supports-color/download/supports-color-7.1.0.tgz?cache=0&other_urls=https%3A%2F%2Fregistry.npm.taobao.org%2Fsupports-color%2Fdownload%2Fsupports-color-7.1.0.tgz#68e32591df73e25ad1c4b49108a2ec507962bfd1"
    integrity sha1-aOMlkd9z4lrRxLSRCKLsUHliv9E=
    dependencies:
      has-flag "^4.0.0"
  
  through@^2.3.6:
    version "2.3.8"
    resolved "https://registry.npm.taobao.org/through/download/through-2.3.8.tgz#0dd4c9ffaabc357960b1b724115d7e0e86a2e1f5"
    integrity sha1-DdTJ/6q8NXlgsbckEV1+Doai4fU=
  
  tmp@^0.0.33:
    version "0.0.33"
    resolved "https://registry.npm.taobao.org/tmp/download/tmp-0.0.33.tgz?cache=0&sync_timestamp=1588178571895&other_urls=https%3A%2F%2Fregistry.npm.taobao.org%2Ftmp%2Fdownload%2Ftmp-0.0.33.tgz#6d34335889768d21b2bcda0aa277ced3b1bfadf9"
    integrity sha1-bTQzWIl2jSGyvNoKonfO07G/rfk=
    dependencies:
      os-tmpdir "~1.0.2"
  
  to-fast-properties@^2.0.0:
    version "2.0.0"
    resolved "https://registry.npm.taobao.org/to-fast-properties/download/to-fast-properties-2.0.0.tgz#dc5e698cbd079265bc73e0377681a4e4e83f616e"
    integrity sha1-3F5pjL0HkmW8c+A3doGk5Og/YW4=
  
  tslib@^1.9.0:
    version "1.13.0"
    resolved "https://registry.npm.taobao.org/tslib/download/tslib-1.13.0.tgz#c881e13cc7015894ed914862d276436fa9a47043"
    integrity sha1-yIHhPMcBWJTtkUhi0nZDb6mkcEM=
  
  type-fest@^0.11.0:
    version "0.11.0"
    resolved "https://registry.npm.taobao.org/type-fest/download/type-fest-0.11.0.tgz#97abf0872310fed88a5c466b25681576145e33f1"
    integrity sha1-l6vwhyMQ/tiKXEZrJWgVdhReM/E=
  
  unicode-canonical-property-names-ecmascript@^1.0.4:
    version "1.0.4"
    resolved "https://registry.npm.taobao.org/unicode-canonical-property-names-ecmascript/download/unicode-canonical-property-names-ecmascript-1.0.4.tgz#2619800c4c825800efdd8343af7dd9933cbe2818"
    integrity sha1-JhmADEyCWADv3YNDr33Zkzy+KBg=
  
  unicode-match-property-ecmascript@^1.0.4:
    version "1.0.4"
    resolved "https://registry.npm.taobao.org/unicode-match-property-ecmascript/download/unicode-match-property-ecmascript-1.0.4.tgz#8ed2a32569961bce9227d09cd3ffbb8fed5f020c"
    integrity sha1-jtKjJWmWG86SJ9Cc0/+7j+1fAgw=
    dependencies:
      unicode-canonical-property-names-ecmascript "^1.0.4"
      unicode-property-aliases-ecmascript "^1.0.4"
  
  unicode-match-property-value-ecmascript@^1.2.0:
    version "1.2.0"
    resolved "https://registry.npm.taobao.org/unicode-match-property-value-ecmascript/download/unicode-match-property-value-ecmascript-1.2.0.tgz?cache=0&other_urls=https%3A%2F%2Fregistry.npm.taobao.org%2Funicode-match-property-value-ecmascript%2Fdownload%2Funicode-match-property-value-ecmascript-1.2.0.tgz#0d91f600eeeb3096aa962b1d6fc88876e64ea531"
    integrity sha1-DZH2AO7rMJaqlisdb8iIduZOpTE=
  
  unicode-property-aliases-ecmascript@^1.0.4:
    version "1.1.0"
    resolved "https://registry.npm.taobao.org/unicode-property-aliases-ecmascript/download/unicode-property-aliases-ecmascript-1.1.0.tgz?cache=0&sync_timestamp=1583945805856&other_urls=https%3A%2F%2Fregistry.npm.taobao.org%2Funicode-property-aliases-ecmascript%2Fdownload%2Funicode-property-aliases-ecmascript-1.1.0.tgz#dd57a99f6207bedff4628abefb94c50db941c8f4"
    integrity sha1-3Vepn2IHvt/0Yoq++5TFDblByPQ=
